<?xml version="1.0" encoding="UTF-8"?>
<!-- Generated by org.testng.reporters.JUnitXMLReporter -->
<testsuite hostname="Diegos-MacBook-Pro.local" ignored="0" name="APITests" tests="3" failures="0" timestamp="2020-10-19T18:38:43 BRST" time="0.039" errors="0">
  <testcase name="@BeforeSuite setUp" time="0.108" classname="base.TestBase">
    <failure type="java.lang.IllegalStateException" message="The driver is not executable: /Users/DieroKreator/code/eclipse-workspace/meta_automationTest/src/test/resources/executables/chromedriver">
      <![CDATA[java.lang.IllegalStateException: The driver is not executable: /Users/DieroKreator/code/eclipse-workspace/meta_automationTest/src/test/resources/executables/chromedriver
at com.google.common.base.Preconditions.checkState(Preconditions.java:585)
at org.openqa.selenium.remote.service.DriverService.checkExecutable(DriverService.java:150)
at org.openqa.selenium.remote.service.DriverService.findExecutable(DriverService.java:141)
at org.openqa.selenium.chrome.ChromeDriverService.access$000(ChromeDriverService.java:35)
at org.openqa.selenium.chrome.ChromeDriverService$Builder.findDefaultExecutable(ChromeDriverService.java:159)
at org.openqa.selenium.remote.service.DriverService$Builder.build(DriverService.java:355)
at org.openqa.selenium.chrome.ChromeDriverService.createDefaultService(ChromeDriverService.java:94)
at org.openqa.selenium.chrome.ChromeDriver.<init>(ChromeDriver.java:123)
at base.TestBase.setUp(TestBase.java:68)
... Removed 19 stack frames]]>
    </failure>
  </testcase> <!-- @BeforeSuite setUp -->
  <testcase name="validateNullCity" time="0.0" classname="testsAPI.APITests">
    <skipped/>
  </testcase> <!-- validateNullCity -->
  <testcase name="validateRockRoundCity" time="0.0" classname="testsAPI.APITests">
    <skipped/>
  </testcase> <!-- validateRockRoundCity -->
  <testcase name="validateTampaCity" time="0.0" classname="testsAPI.APITests">
    <skipped/>
  </testcase> <!-- validateTampaCity -->
</testsuite> <!-- APITests -->
